Info    2024-12-15 06:45:42  DevID:MV-CS016-10UC(DA0498834)  Source-Line:libMvCameraControl.so(CInterfaceManager.cpp-L0809)     Description:Current dynamic library path[/home/jqz/Desktop/OpenRM-2024_hik/demo/hik/hikSDK/lib/amd64/libMvCameraControl.so]     Solution:
Info    2024-12-15 06:45:42  DevID:MV-CS016-10UC(DA0498834)  Source-Line:libMvCameraControl.so(CInterfaceManager.cpp-L0812)     Description:CamCtl_Version: 3.2.1.0     Solution:
Info    2024-12-15 06:45:42  DevID:MV-CS016-10UC(DA0498834)  Source-Line:libMvCameraControl.so(CInterfaceManager.cpp-L0813)     Description:CamCtl_Description: BaseLine Build 20211203     Solution:
Info    2024-12-15 06:45:42  DevID:MV-CS016-10UC(DA0498834)  Source-Line:libMvCameraControl.so(CInterfaceManager.cpp-L0815)     Description:[MV_CC_CreateHandle] return[0x0]     Solution:
Info    2024-12-15 06:45:42  DevID:MV-CS016-10UC(DA0498834)  Source-Line:libMvCameraControl.so(CInterfaceManager.cpp-L6710)     Description:CamCtrl[0x3020100], U3V SDKVersion[0x3020100], DriverVersion[0x0]     Solution:
Info    2024-12-15 06:45:43  DevID:MV-CS016-10UC(DA0498834)  Source-Line:libMvCameraControl.so(CInterfaceManager.cpp-L4236)     Description:[MV_CC_InvalidateNodes] return[0x0]     Solution:
Info    2024-12-15 06:45:43  DevID:MV-CS016-10UC(DA0498834)  Source-Line:libMvCameraControl.so(CInterfaceManager.cpp-L1086)     Description:[MV_CC_OpenDevice] nPrivilegeMode[1], nSwitchoverKey[0], return[0x0]     Solution:
Error   2024-12-15 06:45:43  DevID:MV-CS016-10UC(DA0498834)  Source-Line:libMvCameraControl.so(XmlParse.cpp-L2712)     Description:SetNodeValue [Gain], [Value 60.000000 must be smaller than or equal 16.980700. : OutOfRangeException thrown in node 'Gain' while calling 'Gain.SetValue()' (file 'FloatT.h', line 85)]     Solution:
Info    2024-12-15 06:45:43  DevID:MV-CS016-10UC(DA0498834)  Source-Line:libMvCameraControl.so(CInterfaceManager.cpp-L1703)     Description:U3V, DeviceModelName[MV-CS016-10UC], DeviceFirmwareVersion[V2.1.2 220907884152 22083001], DeviceMaxThroughput[37500]     Solution:
Info    2024-12-15 06:45:43  DevID:MV-CS016-10UC(DA0498834)  Source-Line:libMvCameraControl.so(CInterfaceManager.cpp-L1708)     Description:U3V, Width[1440], Height[1080], OffsetX[0], OffsetY[0], PixelFormat[0x1080009], AcquisitionMode[2]     Solution:
Info    2024-12-15 06:45:43  DevID:MV-CS016-10UC(DA0498834)  Source-Line:libMvCameraControl.so(CInterfaceManager.cpp-L1713)     Description:U3V, TriggerMode[0], ResultingFrameRate[24.11], ExposureTime[40000.00], ExposureAuto[0], PayloadSize[1555200]     Solution:
Info    2024-12-15 06:45:43  DevID:MV-CS016-10UC(DA0498834)  Source-Line:libMvCameraControl.so(CInterfaceManager.cpp-L6315)     Description:CamCtrl RecvThread Start, ThreadId[1933575744]     Solution:
Info    2024-12-15 06:45:43  DevID:MV-CS016-10UC(DA0498834)  Source-Line:libMvCameraControl.so(CInterfaceManager.cpp-L6083)     Description:CamCtrl Display Thread Start, ThreadId[1923089984]     Solution:
Info    2024-12-15 06:45:43  DevID:MV-CS016-10UC(DA0498834)  Source-Line:libMvCameraControl.so(CInterfaceManager.cpp-L1795)     Description:There is no registration callback     Solution:
Info    2024-12-15 06:45:43  DevID:MV-CS016-10UC(DA0498834)  Source-Line:libMvCameraControl.so(CInterfaceManager.cpp-L1800)     Description:[MV_CC_StartGrabbing] return[0x0]     Solution:
Info    2024-12-15 06:47:27  DevID:MV-CS016-10UC(DA0498834)  Source-Line:libMvCameraControl.so(CInterfaceManager.cpp-L0809)     Description:Current dynamic library path[/home/jqz/Desktop/OpenRM-2024_hik/demo/hik/hikSDK/lib/amd64/libMvCameraControl.so]     Solution:
Info    2024-12-15 06:47:27  DevID:MV-CS016-10UC(DA0498834)  Source-Line:libMvCameraControl.so(CInterfaceManager.cpp-L0812)     Description:CamCtl_Version: 3.2.1.0     Solution:
Info    2024-12-15 06:47:27  DevID:MV-CS016-10UC(DA0498834)  Source-Line:libMvCameraControl.so(CInterfaceManager.cpp-L0813)     Description:CamCtl_Description: BaseLine Build 20211203     Solution:
Info    2024-12-15 06:47:27  DevID:MV-CS016-10UC(DA0498834)  Source-Line:libMvCameraControl.so(CInterfaceManager.cpp-L0815)     Description:[MV_CC_CreateHandle] return[0x0]     Solution:
Info    2024-12-15 06:47:27  DevID:MV-CS016-10UC(DA0498834)  Source-Line:libMvCameraControl.so(CInterfaceManager.cpp-L6710)     Description:CamCtrl[0x3020100], U3V SDKVersion[0x3020100], DriverVersion[0x0]     Solution:
Info    2024-12-15 06:47:29  DevID:MV-CS016-10UC(DA0498834)  Source-Line:libMvCameraControl.so(CInterfaceManager.cpp-L4236)     Description:[MV_CC_InvalidateNodes] return[0x0]     Solution:
Info    2024-12-15 06:47:29  DevID:MV-CS016-10UC(DA0498834)  Source-Line:libMvCameraControl.so(CInterfaceManager.cpp-L1086)     Description:[MV_CC_OpenDevice] nPrivilegeMode[1], nSwitchoverKey[0], return[0x0]     Solution:
Error   2024-12-15 06:47:29  DevID:MV-CS016-10UC(DA0498834)  Source-Line:libMvCameraControl.so(XmlParse.cpp-L2712)     Description:SetNodeValue [Gain], [Value 60.000000 must be smaller than or equal 16.980700. : OutOfRangeException thrown in node 'Gain' while calling 'Gain.SetValue()' (file 'FloatT.h', line 85)]     Solution:
Info    2024-12-15 06:47:29  DevID:MV-CS016-10UC(DA0498834)  Source-Line:libMvCameraControl.so(CInterfaceManager.cpp-L1703)     Description:U3V, DeviceModelName[MV-CS016-10UC], DeviceFirmwareVersion[V2.1.2 220907884152 22083001], DeviceMaxThroughput[37500]     Solution:
Info    2024-12-15 06:47:29  DevID:MV-CS016-10UC(DA0498834)  Source-Line:libMvCameraControl.so(CInterfaceManager.cpp-L1708)     Description:U3V, Width[1440], Height[1080], OffsetX[0], OffsetY[0], PixelFormat[0x1080009], AcquisitionMode[2]     Solution:
Info    2024-12-15 06:47:29  DevID:MV-CS016-10UC(DA0498834)  Source-Line:libMvCameraControl.so(CInterfaceManager.cpp-L1713)     Description:U3V, TriggerMode[0], ResultingFrameRate[24.11], ExposureTime[40000.00], ExposureAuto[0], PayloadSize[1555200]     Solution:
Info    2024-12-15 06:47:29  DevID:MV-CS016-10UC(DA0498834)  Source-Line:libMvCameraControl.so(CInterfaceManager.cpp-L6315)     Description:CamCtrl RecvThread Start, ThreadId[446694976]     Solution:
Info    2024-12-15 06:47:29  DevID:MV-CS016-10UC(DA0498834)  Source-Line:libMvCameraControl.so(CInterfaceManager.cpp-L6083)     Description:CamCtrl Display Thread Start, ThreadId[436209216]     Solution:
Info    2024-12-15 06:47:29  DevID:MV-CS016-10UC(DA0498834)  Source-Line:libMvCameraControl.so(CInterfaceManager.cpp-L1795)     Description:There is no registration callback     Solution:
Info    2024-12-15 06:47:29  DevID:MV-CS016-10UC(DA0498834)  Source-Line:libMvCameraControl.so(CInterfaceManager.cpp-L1800)     Description:[MV_CC_StartGrabbing] return[0x0]     Solution:
Info    2024-12-15 06:52:13  DevID:MV-CS016-10UC(DA0498834)  Source-Line:libMvCameraControl.so(CInterfaceManager.cpp-L0809)     Description:Current dynamic library path[/home/jqz/Desktop/OpenRM-2024_hik/demo/hik/hikSDK/lib/amd64/libMvCameraControl.so]     Solution:
Info    2024-12-15 06:52:13  DevID:MV-CS016-10UC(DA0498834)  Source-Line:libMvCameraControl.so(CInterfaceManager.cpp-L0812)     Description:CamCtl_Version: 3.2.1.0     Solution:
Info    2024-12-15 06:52:13  DevID:MV-CS016-10UC(DA0498834)  Source-Line:libMvCameraControl.so(CInterfaceManager.cpp-L0813)     Description:CamCtl_Description: BaseLine Build 20211203     Solution:
Info    2024-12-15 06:52:13  DevID:MV-CS016-10UC(DA0498834)  Source-Line:libMvCameraControl.so(CInterfaceManager.cpp-L0815)     Description:[MV_CC_CreateHandle] return[0x0]     Solution:
Info    2024-12-15 06:52:13  DevID:MV-CS016-10UC(DA0498834)  Source-Line:libMvCameraControl.so(CInterfaceManager.cpp-L6710)     Description:CamCtrl[0x3020100], U3V SDKVersion[0x3020100], DriverVersion[0x0]     Solution:
Info    2024-12-15 06:52:15  DevID:MV-CS016-10UC(DA0498834)  Source-Line:libMvCameraControl.so(CInterfaceManager.cpp-L4236)     Description:[MV_CC_InvalidateNodes] return[0x0]     Solution:
Info    2024-12-15 06:52:15  DevID:MV-CS016-10UC(DA0498834)  Source-Line:libMvCameraControl.so(CInterfaceManager.cpp-L1086)     Description:[MV_CC_OpenDevice] nPrivilegeMode[1], nSwitchoverKey[0], return[0x0]     Solution:
Error   2024-12-15 06:52:15  DevID:MV-CS016-10UC(DA0498834)  Source-Line:libMvCameraControl.so(XmlParse.cpp-L2712)     Description:SetNodeValue [Gain], [Value 60.000000 must be smaller than or equal 16.980700. : OutOfRangeException thrown in node 'Gain' while calling 'Gain.SetValue()' (file 'FloatT.h', line 85)]     Solution:
Info    2024-12-15 06:52:15  DevID:MV-CS016-10UC(DA0498834)  Source-Line:libMvCameraControl.so(CInterfaceManager.cpp-L1703)     Description:U3V, DeviceModelName[MV-CS016-10UC], DeviceFirmwareVersion[V2.1.2 220907884152 22083001], DeviceMaxThroughput[37500]     Solution:
Info    2024-12-15 06:52:15  DevID:MV-CS016-10UC(DA0498834)  Source-Line:libMvCameraControl.so(CInterfaceManager.cpp-L1708)     Description:U3V, Width[1440], Height[1080], OffsetX[0], OffsetY[0], PixelFormat[0x1080009], AcquisitionMode[2]     Solution:
Info    2024-12-15 06:52:15  DevID:MV-CS016-10UC(DA0498834)  Source-Line:libMvCameraControl.so(CInterfaceManager.cpp-L1713)     Description:U3V, TriggerMode[0], ResultingFrameRate[24.11], ExposureTime[40000.00], ExposureAuto[0], PayloadSize[1555200]     Solution:
Info    2024-12-15 06:52:15  DevID:MV-CS016-10UC(DA0498834)  Source-Line:libMvCameraControl.so(CInterfaceManager.cpp-L6315)     Description:CamCtrl RecvThread Start, ThreadId[1184892480]     Solution:
Info    2024-12-15 06:52:15  DevID:MV-CS016-10UC(DA0498834)  Source-Line:libMvCameraControl.so(CInterfaceManager.cpp-L6083)     Description:CamCtrl Display Thread Start, ThreadId[1174406720]     Solution:
Info    2024-12-15 06:52:15  DevID:MV-CS016-10UC(DA0498834)  Source-Line:libMvCameraControl.so(CInterfaceManager.cpp-L1795)     Description:There is no registration callback     Solution:
Info    2024-12-15 06:52:15  DevID:MV-CS016-10UC(DA0498834)  Source-Line:libMvCameraControl.so(CInterfaceManager.cpp-L1800)     Description:[MV_CC_StartGrabbing] return[0x0]     Solution:
Info    2024-12-15 06:54:53  DevID:MV-CS016-10UC(DA0498834)  Source-Line:libMvCameraControl.so(CInterfaceManager.cpp-L0809)     Description:Current dynamic library path[/home/jqz/Desktop/OpenRM-2024_hik/demo/hik/hikSDK/lib/amd64/libMvCameraControl.so]     Solution:
Info    2024-12-15 06:54:53  DevID:MV-CS016-10UC(DA0498834)  Source-Line:libMvCameraControl.so(CInterfaceManager.cpp-L0812)     Description:CamCtl_Version: 3.2.1.0     Solution:
Info    2024-12-15 06:54:53  DevID:MV-CS016-10UC(DA0498834)  Source-Line:libMvCameraControl.so(CInterfaceManager.cpp-L0813)     Description:CamCtl_Description: BaseLine Build 20211203     Solution:
Info    2024-12-15 06:54:53  DevID:MV-CS016-10UC(DA0498834)  Source-Line:libMvCameraControl.so(CInterfaceManager.cpp-L0815)     Description:[MV_CC_CreateHandle] return[0x0]     Solution:
Info    2024-12-15 06:54:53  DevID:MV-CS016-10UC(DA0498834)  Source-Line:libMvCameraControl.so(CInterfaceManager.cpp-L6710)     Description:CamCtrl[0x3020100], U3V SDKVersion[0x3020100], DriverVersion[0x0]     Solution:
Info    2024-12-15 06:54:55  DevID:MV-CS016-10UC(DA0498834)  Source-Line:libMvCameraControl.so(CInterfaceManager.cpp-L4236)     Description:[MV_CC_InvalidateNodes] return[0x0]     Solution:
Info    2024-12-15 06:54:55  DevID:MV-CS016-10UC(DA0498834)  Source-Line:libMvCameraControl.so(CInterfaceManager.cpp-L1086)     Description:[MV_CC_OpenDevice] nPrivilegeMode[1], nSwitchoverKey[0], return[0x0]     Solution:
Error   2024-12-15 06:54:55  DevID:MV-CS016-10UC(DA0498834)  Source-Line:libMvCameraControl.so(XmlParse.cpp-L2712)     Description:SetNodeValue [Gain], [Value 60.000000 must be smaller than or equal 16.980700. : OutOfRangeException thrown in node 'Gain' while calling 'Gain.SetValue()' (file 'FloatT.h', line 85)]     Solution:
Info    2024-12-15 06:54:55  DevID:MV-CS016-10UC(DA0498834)  Source-Line:libMvCameraControl.so(CInterfaceManager.cpp-L1703)     Description:U3V, DeviceModelName[MV-CS016-10UC], DeviceFirmwareVersion[V2.1.2 220907884152 22083001], DeviceMaxThroughput[37500]     Solution:
Info    2024-12-15 06:54:55  DevID:MV-CS016-10UC(DA0498834)  Source-Line:libMvCameraControl.so(CInterfaceManager.cpp-L1708)     Description:U3V, Width[1440], Height[1080], OffsetX[0], OffsetY[0], PixelFormat[0x1080009], AcquisitionMode[2]     Solution:
Info    2024-12-15 06:54:55  DevID:MV-CS016-10UC(DA0498834)  Source-Line:libMvCameraControl.so(CInterfaceManager.cpp-L1713)     Description:U3V, TriggerMode[0], ResultingFrameRate[24.11], ExposureTime[40000.00], ExposureAuto[0], PayloadSize[1555200]     Solution:
Info    2024-12-15 06:54:55  DevID:MV-CS016-10UC(DA0498834)  Source-Line:libMvCameraControl.so(CInterfaceManager.cpp-L6315)     Description:CamCtrl RecvThread Start, ThreadId[580912704]     Solution:
Info    2024-12-15 06:54:55  DevID:MV-CS016-10UC(DA0498834)  Source-Line:libMvCameraControl.so(CInterfaceManager.cpp-L6083)     Description:CamCtrl Display Thread Start, ThreadId[570426944]     Solution:
Info    2024-12-15 06:54:55  DevID:MV-CS016-10UC(DA0498834)  Source-Line:libMvCameraControl.so(CInterfaceManager.cpp-L1795)     Description:There is no registration callback     Solution:
Info    2024-12-15 06:54:55  DevID:MV-CS016-10UC(DA0498834)  Source-Line:libMvCameraControl.so(CInterfaceManager.cpp-L1800)     Description:[MV_CC_StartGrabbing] return[0x0]     Solution:
Info    2024-12-15 06:55:37  DevID:MV-CS016-10UC(DA0498834)  Source-Line:libMvCameraControl.so(CInterfaceManager.cpp-L0809)     Description:Current dynamic library path[/home/jqz/Desktop/OpenRM-2024_hik/demo/hik/hikSDK/lib/amd64/libMvCameraControl.so]     Solution:
Info    2024-12-15 06:55:37  DevID:MV-CS016-10UC(DA0498834)  Source-Line:libMvCameraControl.so(CInterfaceManager.cpp-L0812)     Description:CamCtl_Version: 3.2.1.0     Solution:
Info    2024-12-15 06:55:37  DevID:MV-CS016-10UC(DA0498834)  Source-Line:libMvCameraControl.so(CInterfaceManager.cpp-L0813)     Description:CamCtl_Description: BaseLine Build 20211203     Solution:
Info    2024-12-15 06:55:37  DevID:MV-CS016-10UC(DA0498834)  Source-Line:libMvCameraControl.so(CInterfaceManager.cpp-L0815)     Description:[MV_CC_CreateHandle] return[0x0]     Solution:
Info    2024-12-15 06:55:37  DevID:MV-CS016-10UC(DA0498834)  Source-Line:libMvCameraControl.so(CInterfaceManager.cpp-L6710)     Description:CamCtrl[0x3020100], U3V SDKVersion[0x3020100], DriverVersion[0x0]     Solution:
Info    2024-12-15 06:55:39  DevID:MV-CS016-10UC(DA0498834)  Source-Line:libMvCameraControl.so(CInterfaceManager.cpp-L4236)     Description:[MV_CC_InvalidateNodes] return[0x0]     Solution:
Info    2024-12-15 06:55:39  DevID:MV-CS016-10UC(DA0498834)  Source-Line:libMvCameraControl.so(CInterfaceManager.cpp-L1086)     Description:[MV_CC_OpenDevice] nPrivilegeMode[1], nSwitchoverKey[0], return[0x0]     Solution:
Error   2024-12-15 06:55:39  DevID:MV-CS016-10UC(DA0498834)  Source-Line:libMvCameraControl.so(XmlParse.cpp-L2712)     Description:SetNodeValue [Gain], [Value 60.000000 must be smaller than or equal 16.980700. : OutOfRangeException thrown in node 'Gain' while calling 'Gain.SetValue()' (file 'FloatT.h', line 85)]     Solution:
Info    2024-12-15 06:55:39  DevID:MV-CS016-10UC(DA0498834)  Source-Line:libMvCameraControl.so(CInterfaceManager.cpp-L1703)     Description:U3V, DeviceModelName[MV-CS016-10UC], DeviceFirmwareVersion[V2.1.2 220907884152 22083001], DeviceMaxThroughput[37500]     Solution:
Info    2024-12-15 06:55:39  DevID:MV-CS016-10UC(DA0498834)  Source-Line:libMvCameraControl.so(CInterfaceManager.cpp-L1708)     Description:U3V, Width[1440], Height[1080], OffsetX[0], OffsetY[0], PixelFormat[0x1080009], AcquisitionMode[2]     Solution:
Info    2024-12-15 06:55:39  DevID:MV-CS016-10UC(DA0498834)  Source-Line:libMvCameraControl.so(CInterfaceManager.cpp-L1713)     Description:U3V, TriggerMode[0], ResultingFrameRate[24.11], ExposureTime[40000.00], ExposureAuto[0], PayloadSize[1555200]     Solution:
Info    2024-12-15 06:55:39  DevID:MV-CS016-10UC(DA0498834)  Source-Line:libMvCameraControl.so(CInterfaceManager.cpp-L6315)     Description:CamCtrl RecvThread Start, ThreadId[983565888]     Solution:
Info    2024-12-15 06:55:39  DevID:MV-CS016-10UC(DA0498834)  Source-Line:libMvCameraControl.so(CInterfaceManager.cpp-L6083)     Description:CamCtrl Display Thread Start, ThreadId[973080128]     Solution:
Info    2024-12-15 06:55:39  DevID:MV-CS016-10UC(DA0498834)  Source-Line:libMvCameraControl.so(CInterfaceManager.cpp-L1795)     Description:There is no registration callback     Solution:
Info    2024-12-15 06:55:39  DevID:MV-CS016-10UC(DA0498834)  Source-Line:libMvCameraControl.so(CInterfaceManager.cpp-L1800)     Description:[MV_CC_StartGrabbing] return[0x0]     Solution:
Info    2024-12-15 07:06:10  DevID:MV-CS016-10UC(DA0498834)  Source-Line:libMvCameraControl.so(CInterfaceManager.cpp-L0809)     Description:Current dynamic library path[/home/jqz/Desktop/OpenRM-2024_hik/demo/hik/hikSDK/lib/amd64/libMvCameraControl.so]     Solution:
Info    2024-12-15 07:06:10  DevID:MV-CS016-10UC(DA0498834)  Source-Line:libMvCameraControl.so(CInterfaceManager.cpp-L0812)     Description:CamCtl_Version: 3.2.1.0     Solution:
Info    2024-12-15 07:06:10  DevID:MV-CS016-10UC(DA0498834)  Source-Line:libMvCameraControl.so(CInterfaceManager.cpp-L0813)     Description:CamCtl_Description: BaseLine Build 20211203     Solution:
Info    2024-12-15 07:06:10  DevID:MV-CS016-10UC(DA0498834)  Source-Line:libMvCameraControl.so(CInterfaceManager.cpp-L0815)     Description:[MV_CC_CreateHandle] return[0x0]     Solution:
Info    2024-12-15 07:06:10  DevID:MV-CS016-10UC(DA0498834)  Source-Line:libMvCameraControl.so(CInterfaceManager.cpp-L6710)     Description:CamCtrl[0x3020100], U3V SDKVersion[0x3020100], DriverVersion[0x0]     Solution:
Info    2024-12-15 07:06:12  DevID:MV-CS016-10UC(DA0498834)  Source-Line:libMvCameraControl.so(CInterfaceManager.cpp-L4236)     Description:[MV_CC_InvalidateNodes] return[0x0]     Solution:
Info    2024-12-15 07:06:12  DevID:MV-CS016-10UC(DA0498834)  Source-Line:libMvCameraControl.so(CInterfaceManager.cpp-L1086)     Description:[MV_CC_OpenDevice] nPrivilegeMode[1], nSwitchoverKey[0], return[0x0]     Solution:
Error   2024-12-15 07:06:12  DevID:MV-CS016-10UC(DA0498834)  Source-Line:libMvCameraControl.so(XmlParse.cpp-L2712)     Description:SetNodeValue [Gain], [Value 60.000000 must be smaller than or equal 16.980700. : OutOfRangeException thrown in node 'Gain' while calling 'Gain.SetValue()' (file 'FloatT.h', line 85)]     Solution:
Info    2024-12-15 07:06:12  DevID:MV-CS016-10UC(DA0498834)  Source-Line:libMvCameraControl.so(CInterfaceManager.cpp-L1703)     Description:U3V, DeviceModelName[MV-CS016-10UC], DeviceFirmwareVersion[V2.1.2 220907884152 22083001], DeviceMaxThroughput[37500]     Solution:
Info    2024-12-15 07:06:12  DevID:MV-CS016-10UC(DA0498834)  Source-Line:libMvCameraControl.so(CInterfaceManager.cpp-L1708)     Description:U3V, Width[1440], Height[1080], OffsetX[0], OffsetY[0], PixelFormat[0x1080009], AcquisitionMode[2]     Solution:
Info    2024-12-15 07:06:12  DevID:MV-CS016-10UC(DA0498834)  Source-Line:libMvCameraControl.so(CInterfaceManager.cpp-L1713)     Description:U3V, TriggerMode[0], ResultingFrameRate[24.11], ExposureTime[40000.00], ExposureAuto[0], PayloadSize[1555200]     Solution:
Info    2024-12-15 07:06:12  DevID:MV-CS016-10UC(DA0498834)  Source-Line:libMvCameraControl.so(CInterfaceManager.cpp-L6315)     Description:CamCtrl RecvThread Start, ThreadId[-524286400]     Solution:
Info    2024-12-15 07:06:12  DevID:MV-CS016-10UC(DA0498834)  Source-Line:libMvCameraControl.so(CInterfaceManager.cpp-L6083)     Description:CamCtrl Display Thread Start, ThreadId[-673184192]     Solution:
Info    2024-12-15 07:06:12  DevID:MV-CS016-10UC(DA0498834)  Source-Line:libMvCameraControl.so(CInterfaceManager.cpp-L1795)     Description:There is no registration callback     Solution:
Info    2024-12-15 07:06:12  DevID:MV-CS016-10UC(DA0498834)  Source-Line:libMvCameraControl.so(CInterfaceManager.cpp-L1800)     Description:[MV_CC_StartGrabbing] return[0x0]     Solution:
Info    2024-12-15 07:07:23  DevID:MV-CS016-10UC(DA0498834)  Source-Line:libMvCameraControl.so(CInterfaceManager.cpp-L0809)     Description:Current dynamic library path[/home/jqz/Desktop/OpenRM-2024_hik/demo/hik/hikSDK/lib/amd64/libMvCameraControl.so]     Solution:
Info    2024-12-15 07:07:23  DevID:MV-CS016-10UC(DA0498834)  Source-Line:libMvCameraControl.so(CInterfaceManager.cpp-L0812)     Description:CamCtl_Version: 3.2.1.0     Solution:
Info    2024-12-15 07:07:23  DevID:MV-CS016-10UC(DA0498834)  Source-Line:libMvCameraControl.so(CInterfaceManager.cpp-L0813)     Description:CamCtl_Description: BaseLine Build 20211203     Solution:
Info    2024-12-15 07:07:23  DevID:MV-CS016-10UC(DA0498834)  Source-Line:libMvCameraControl.so(CInterfaceManager.cpp-L0815)     Description:[MV_CC_CreateHandle] return[0x0]     Solution:
Info    2024-12-15 07:07:23  DevID:MV-CS016-10UC(DA0498834)  Source-Line:libMvCameraControl.so(CInterfaceManager.cpp-L6710)     Description:CamCtrl[0x3020100], U3V SDKVersion[0x3020100], DriverVersion[0x0]     Solution:
Info    2024-12-15 07:07:25  DevID:MV-CS016-10UC(DA0498834)  Source-Line:libMvCameraControl.so(CInterfaceManager.cpp-L4236)     Description:[MV_CC_InvalidateNodes] return[0x0]     Solution:
Info    2024-12-15 07:07:25  DevID:MV-CS016-10UC(DA0498834)  Source-Line:libMvCameraControl.so(CInterfaceManager.cpp-L1086)     Description:[MV_CC_OpenDevice] nPrivilegeMode[1], nSwitchoverKey[0], return[0x0]     Solution:
Error   2024-12-15 07:07:25  DevID:MV-CS016-10UC(DA0498834)  Source-Line:libMvCameraControl.so(XmlParse.cpp-L2712)     Description:SetNodeValue [Gain], [Value 60.000000 must be smaller than or equal 16.980700. : OutOfRangeException thrown in node 'Gain' while calling 'Gain.SetValue()' (file 'FloatT.h', line 85)]     Solution:
Info    2024-12-15 07:07:25  DevID:MV-CS016-10UC(DA0498834)  Source-Line:libMvCameraControl.so(CInterfaceManager.cpp-L1703)     Description:U3V, DeviceModelName[MV-CS016-10UC], DeviceFirmwareVersion[V2.1.2 220907884152 22083001], DeviceMaxThroughput[37500]     Solution:
Info    2024-12-15 07:07:25  DevID:MV-CS016-10UC(DA0498834)  Source-Line:libMvCameraControl.so(CInterfaceManager.cpp-L1708)     Description:U3V, Width[1440], Height[1080], OffsetX[0], OffsetY[0], PixelFormat[0x1080009], AcquisitionMode[2]     Solution:
Info    2024-12-15 07:07:25  DevID:MV-CS016-10UC(DA0498834)  Source-Line:libMvCameraControl.so(CInterfaceManager.cpp-L1713)     Description:U3V, TriggerMode[0], ResultingFrameRate[24.11], ExposureTime[40000.00], ExposureAuto[0], PayloadSize[1555200]     Solution:
Info    2024-12-15 07:07:25  DevID:MV-CS016-10UC(DA0498834)  Source-Line:libMvCameraControl.so(CInterfaceManager.cpp-L6315)     Description:CamCtrl RecvThread Start, ThreadId[847251008]     Solution:
Info    2024-12-15 07:07:25  DevID:MV-CS016-10UC(DA0498834)  Source-Line:libMvCameraControl.so(CInterfaceManager.cpp-L6083)     Description:CamCtrl Display Thread Start, ThreadId[836765248]     Solution:
Info    2024-12-15 07:07:25  DevID:MV-CS016-10UC(DA0498834)  Source-Line:libMvCameraControl.so(CInterfaceManager.cpp-L1795)     Description:There is no registration callback     Solution:
Info    2024-12-15 07:07:25  DevID:MV-CS016-10UC(DA0498834)  Source-Line:libMvCameraControl.so(CInterfaceManager.cpp-L1800)     Description:[MV_CC_StartGrabbing] return[0x0]     Solution:
Info    2024-12-15 07:09:58  DevID:MV-CS016-10UC(DA0498834)  Source-Line:libMvCameraControl.so(CInterfaceManager.cpp-L0809)     Description:Current dynamic library path[/home/jqz/Desktop/OpenRM-2024_hik/demo/hik/hikSDK/lib/amd64/libMvCameraControl.so]     Solution:
Info    2024-12-15 07:09:58  DevID:MV-CS016-10UC(DA0498834)  Source-Line:libMvCameraControl.so(CInterfaceManager.cpp-L0812)     Description:CamCtl_Version: 3.2.1.0     Solution:
Info    2024-12-15 07:09:58  DevID:MV-CS016-10UC(DA0498834)  Source-Line:libMvCameraControl.so(CInterfaceManager.cpp-L0813)     Description:CamCtl_Description: BaseLine Build 20211203     Solution:
Info    2024-12-15 07:09:58  DevID:MV-CS016-10UC(DA0498834)  Source-Line:libMvCameraControl.so(CInterfaceManager.cpp-L0815)     Description:[MV_CC_CreateHandle] return[0x0]     Solution:
Info    2024-12-15 07:09:58  DevID:MV-CS016-10UC(DA0498834)  Source-Line:libMvCameraControl.so(CInterfaceManager.cpp-L6710)     Description:CamCtrl[0x3020100], U3V SDKVersion[0x3020100], DriverVersion[0x0]     Solution:
Info    2024-12-15 07:10:00  DevID:MV-CS016-10UC(DA0498834)  Source-Line:libMvCameraControl.so(CInterfaceManager.cpp-L4236)     Description:[MV_CC_InvalidateNodes] return[0x0]     Solution:
Info    2024-12-15 07:10:00  DevID:MV-CS016-10UC(DA0498834)  Source-Line:libMvCameraControl.so(CInterfaceManager.cpp-L1086)     Description:[MV_CC_OpenDevice] nPrivilegeMode[1], nSwitchoverKey[0], return[0x0]     Solution:
Error   2024-12-15 07:10:00  DevID:MV-CS016-10UC(DA0498834)  Source-Line:libMvCameraControl.so(XmlParse.cpp-L2712)     Description:SetNodeValue [Gain], [Value 60.000000 must be smaller than or equal 16.980700. : OutOfRangeException thrown in node 'Gain' while calling 'Gain.SetValue()' (file 'FloatT.h', line 85)]     Solution:
Info    2024-12-15 07:10:00  DevID:MV-CS016-10UC(DA0498834)  Source-Line:libMvCameraControl.so(CInterfaceManager.cpp-L1703)     Description:U3V, DeviceModelName[MV-CS016-10UC], DeviceFirmwareVersion[V2.1.2 220907884152 22083001], DeviceMaxThroughput[37500]     Solution:
Info    2024-12-15 07:10:00  DevID:MV-CS016-10UC(DA0498834)  Source-Line:libMvCameraControl.so(CInterfaceManager.cpp-L1708)     Description:U3V, Width[1440], Height[1080], OffsetX[0], OffsetY[0], PixelFormat[0x1080009], AcquisitionMode[2]     Solution:
Info    2024-12-15 07:10:00  DevID:MV-CS016-10UC(DA0498834)  Source-Line:libMvCameraControl.so(CInterfaceManager.cpp-L1713)     Description:U3V, TriggerMode[0], ResultingFrameRate[24.11], ExposureTime[40000.00], ExposureAuto[0], PayloadSize[1555200]     Solution:
Info    2024-12-15 07:10:00  DevID:MV-CS016-10UC(DA0498834)  Source-Line:libMvCameraControl.so(CInterfaceManager.cpp-L6315)     Description:CamCtrl RecvThread Start, ThreadId[308282944]     Solution:
Info    2024-12-15 07:10:00  DevID:MV-CS016-10UC(DA0498834)  Source-Line:libMvCameraControl.so(CInterfaceManager.cpp-L6083)     Description:CamCtrl Display Thread Start, ThreadId[297797184]     Solution:
Info    2024-12-15 07:10:00  DevID:MV-CS016-10UC(DA0498834)  Source-Line:libMvCameraControl.so(CInterfaceManager.cpp-L1795)     Description:There is no registration callback     Solution:
Info    2024-12-15 07:10:00  DevID:MV-CS016-10UC(DA0498834)  Source-Line:libMvCameraControl.so(CInterfaceManager.cpp-L1800)     Description:[MV_CC_StartGrabbing] return[0x0]     Solution:
Info    2024-12-15 07:11:08  DevID:MV-CS016-10UC(DA0498834)  Source-Line:libMvCameraControl.so(CInterfaceManager.cpp-L0809)     Description:Current dynamic library path[/home/jqz/Desktop/OpenRM-2024_hik/demo/hik/hikSDK/lib/amd64/libMvCameraControl.so]     Solution:
Info    2024-12-15 07:11:08  DevID:MV-CS016-10UC(DA0498834)  Source-Line:libMvCameraControl.so(CInterfaceManager.cpp-L0812)     Description:CamCtl_Version: 3.2.1.0     Solution:
Info    2024-12-15 07:11:08  DevID:MV-CS016-10UC(DA0498834)  Source-Line:libMvCameraControl.so(CInterfaceManager.cpp-L0813)     Description:CamCtl_Description: BaseLine Build 20211203     Solution:
Info    2024-12-15 07:11:08  DevID:MV-CS016-10UC(DA0498834)  Source-Line:libMvCameraControl.so(CInterfaceManager.cpp-L0815)     Description:[MV_CC_CreateHandle] return[0x0]     Solution:
Info    2024-12-15 07:11:08  DevID:MV-CS016-10UC(DA0498834)  Source-Line:libMvCameraControl.so(CInterfaceManager.cpp-L6710)     Description:CamCtrl[0x3020100], U3V SDKVersion[0x3020100], DriverVersion[0x0]     Solution:
Info    2024-12-15 07:11:10  DevID:MV-CS016-10UC(DA0498834)  Source-Line:libMvCameraControl.so(CInterfaceManager.cpp-L4236)     Description:[MV_CC_InvalidateNodes] return[0x0]     Solution:
Info    2024-12-15 07:11:10  DevID:MV-CS016-10UC(DA0498834)  Source-Line:libMvCameraControl.so(CInterfaceManager.cpp-L1086)     Description:[MV_CC_OpenDevice] nPrivilegeMode[1], nSwitchoverKey[0], return[0x0]     Solution:
Error   2024-12-15 07:11:10  DevID:MV-CS016-10UC(DA0498834)  Source-Line:libMvCameraControl.so(XmlParse.cpp-L2712)     Description:SetNodeValue [Gain], [Value 60.000000 must be smaller than or equal 16.980700. : OutOfRangeException thrown in node 'Gain' while calling 'Gain.SetValue()' (file 'FloatT.h', line 85)]     Solution:
Info    2024-12-15 07:11:10  DevID:MV-CS016-10UC(DA0498834)  Source-Line:libMvCameraControl.so(CInterfaceManager.cpp-L1703)     Description:U3V, DeviceModelName[MV-CS016-10UC], DeviceFirmwareVersion[V2.1.2 220907884152 22083001], DeviceMaxThroughput[37500]     Solution:
Info    2024-12-15 07:11:10  DevID:MV-CS016-10UC(DA0498834)  Source-Line:libMvCameraControl.so(CInterfaceManager.cpp-L1708)     Description:U3V, Width[1440], Height[1080], OffsetX[0], OffsetY[0], PixelFormat[0x1080009], AcquisitionMode[2]     Solution:
Info    2024-12-15 07:11:10  DevID:MV-CS016-10UC(DA0498834)  Source-Line:libMvCameraControl.so(CInterfaceManager.cpp-L1713)     Description:U3V, TriggerMode[0], ResultingFrameRate[24.11], ExposureTime[40000.00], ExposureAuto[0], PayloadSize[1555200]     Solution:
Info    2024-12-15 07:11:10  DevID:MV-CS016-10UC(DA0498834)  Source-Line:libMvCameraControl.so(CInterfaceManager.cpp-L6315)     Description:CamCtrl RecvThread Start, ThreadId[-1086323136]     Solution:
Info    2024-12-15 07:11:10  DevID:MV-CS016-10UC(DA0498834)  Source-Line:libMvCameraControl.so(CInterfaceManager.cpp-L6083)     Description:CamCtrl Display Thread Start, ThreadId[-1096808896]     Solution:
Info    2024-12-15 07:11:10  DevID:MV-CS016-10UC(DA0498834)  Source-Line:libMvCameraControl.so(CInterfaceManager.cpp-L1795)     Description:There is no registration callback     Solution:
Info    2024-12-15 07:11:10  DevID:MV-CS016-10UC(DA0498834)  Source-Line:libMvCameraControl.so(CInterfaceManager.cpp-L1800)     Description:[MV_CC_StartGrabbing] return[0x0]     Solution:
Info    2024-12-15 07:14:58  DevID:MV-CS016-10UC(DA0498834)  Source-Line:libMvCameraControl.so(CInterfaceManager.cpp-L0809)     Description:Current dynamic library path[/home/jqz/Desktop/OpenRM-2024_hik/demo/hik/hikSDK/lib/amd64/libMvCameraControl.so]     Solution:
Info    2024-12-15 07:14:58  DevID:MV-CS016-10UC(DA0498834)  Source-Line:libMvCameraControl.so(CInterfaceManager.cpp-L0812)     Description:CamCtl_Version: 3.2.1.0     Solution:
Info    2024-12-15 07:14:58  DevID:MV-CS016-10UC(DA0498834)  Source-Line:libMvCameraControl.so(CInterfaceManager.cpp-L0813)     Description:CamCtl_Description: BaseLine Build 20211203     Solution:
Info    2024-12-15 07:14:58  DevID:MV-CS016-10UC(DA0498834)  Source-Line:libMvCameraControl.so(CInterfaceManager.cpp-L0815)     Description:[MV_CC_CreateHandle] return[0x0]     Solution:
Info    2024-12-15 07:14:58  DevID:MV-CS016-10UC(DA0498834)  Source-Line:libMvCameraControl.so(CInterfaceManager.cpp-L6710)     Description:CamCtrl[0x3020100], U3V SDKVersion[0x3020100], DriverVersion[0x0]     Solution:
Info    2024-12-15 07:15:00  DevID:MV-CS016-10UC(DA0498834)  Source-Line:libMvCameraControl.so(CInterfaceManager.cpp-L4236)     Description:[MV_CC_InvalidateNodes] return[0x0]     Solution:
Info    2024-12-15 07:15:00  DevID:MV-CS016-10UC(DA0498834)  Source-Line:libMvCameraControl.so(CInterfaceManager.cpp-L1086)     Description:[MV_CC_OpenDevice] nPrivilegeMode[1], nSwitchoverKey[0], return[0x0]     Solution:
Error   2024-12-15 07:15:00  DevID:MV-CS016-10UC(DA0498834)  Source-Line:libMvCameraControl.so(XmlParse.cpp-L2712)     Description:SetNodeValue [Gain], [Value 60.000000 must be smaller than or equal 16.980700. : OutOfRangeException thrown in node 'Gain' while calling 'Gain.SetValue()' (file 'FloatT.h', line 85)]     Solution:
Info    2024-12-15 07:15:00  DevID:MV-CS016-10UC(DA0498834)  Source-Line:libMvCameraControl.so(CInterfaceManager.cpp-L1703)     Description:U3V, DeviceModelName[MV-CS016-10UC], DeviceFirmwareVersion[V2.1.2 220907884152 22083001], DeviceMaxThroughput[37500]     Solution:
Info    2024-12-15 07:15:00  DevID:MV-CS016-10UC(DA0498834)  Source-Line:libMvCameraControl.so(CInterfaceManager.cpp-L1708)     Description:U3V, Width[1440], Height[1080], OffsetX[0], OffsetY[0], PixelFormat[0x1080009], AcquisitionMode[2]     Solution:
Info    2024-12-15 07:15:00  DevID:MV-CS016-10UC(DA0498834)  Source-Line:libMvCameraControl.so(CInterfaceManager.cpp-L1713)     Description:U3V, TriggerMode[0], ResultingFrameRate[24.11], ExposureTime[40000.00], ExposureAuto[0], PayloadSize[1555200]     Solution:
Info    2024-12-15 07:15:00  DevID:MV-CS016-10UC(DA0498834)  Source-Line:libMvCameraControl.so(CInterfaceManager.cpp-L6315)     Description:CamCtrl RecvThread Start, ThreadId[-255850944]     Solution:
Info    2024-12-15 07:15:00  DevID:MV-CS016-10UC(DA0498834)  Source-Line:libMvCameraControl.so(CInterfaceManager.cpp-L6083)     Description:CamCtrl Display Thread Start, ThreadId[-404748736]     Solution:
Info    2024-12-15 07:15:00  DevID:MV-CS016-10UC(DA0498834)  Source-Line:libMvCameraControl.so(CInterfaceManager.cpp-L1795)     Description:There is no registration callback     Solution:
Info    2024-12-15 07:15:00  DevID:MV-CS016-10UC(DA0498834)  Source-Line:libMvCameraControl.so(CInterfaceManager.cpp-L1800)     Description:[MV_CC_StartGrabbing] return[0x0]     Solution:
Info    2024-12-15 07:15:34  DevID:MV-CS016-10UC(DA0498834)  Source-Line:libMvCameraControl.so(CInterfaceManager.cpp-L0809)     Description:Current dynamic library path[/home/jqz/Desktop/OpenRM-2024_hik/demo/hik/hikSDK/lib/amd64/libMvCameraControl.so]     Solution:
Info    2024-12-15 07:15:34  DevID:MV-CS016-10UC(DA0498834)  Source-Line:libMvCameraControl.so(CInterfaceManager.cpp-L0812)     Description:CamCtl_Version: 3.2.1.0     Solution:
Info    2024-12-15 07:15:34  DevID:MV-CS016-10UC(DA0498834)  Source-Line:libMvCameraControl.so(CInterfaceManager.cpp-L0813)     Description:CamCtl_Description: BaseLine Build 20211203     Solution:
Info    2024-12-15 07:15:34  DevID:MV-CS016-10UC(DA0498834)  Source-Line:libMvCameraControl.so(CInterfaceManager.cpp-L0815)     Description:[MV_CC_CreateHandle] return[0x0]     Solution:
Info    2024-12-15 07:15:34  DevID:MV-CS016-10UC(DA0498834)  Source-Line:libMvCameraControl.so(CInterfaceManager.cpp-L6710)     Description:CamCtrl[0x3020100], U3V SDKVersion[0x3020100], DriverVersion[0x0]     Solution:
Info    2024-12-15 07:15:36  DevID:MV-CS016-10UC(DA0498834)  Source-Line:libMvCameraControl.so(CInterfaceManager.cpp-L4236)     Description:[MV_CC_InvalidateNodes] return[0x0]     Solution:
Info    2024-12-15 07:15:36  DevID:MV-CS016-10UC(DA0498834)  Source-Line:libMvCameraControl.so(CInterfaceManager.cpp-L1086)     Description:[MV_CC_OpenDevice] nPrivilegeMode[1], nSwitchoverKey[0], return[0x0]     Solution:
Error   2024-12-15 07:15:36  DevID:MV-CS016-10UC(DA0498834)  Source-Line:libMvCameraControl.so(XmlParse.cpp-L2712)     Description:SetNodeValue [Gain], [Value 60.000000 must be smaller than or equal 16.980700. : OutOfRangeException thrown in node 'Gain' while calling 'Gain.SetValue()' (file 'FloatT.h', line 85)]     Solution:
Info    2024-12-15 07:15:36  DevID:MV-CS016-10UC(DA0498834)  Source-Line:libMvCameraControl.so(CInterfaceManager.cpp-L1703)     Description:U3V, DeviceModelName[MV-CS016-10UC], DeviceFirmwareVersion[V2.1.2 220907884152 22083001], DeviceMaxThroughput[37500]     Solution:
Info    2024-12-15 07:15:36  DevID:MV-CS016-10UC(DA0498834)  Source-Line:libMvCameraControl.so(CInterfaceManager.cpp-L1708)     Description:U3V, Width[1440], Height[1080], OffsetX[0], OffsetY[0], PixelFormat[0x1080009], AcquisitionMode[2]     Solution:
Info    2024-12-15 07:15:36  DevID:MV-CS016-10UC(DA0498834)  Source-Line:libMvCameraControl.so(CInterfaceManager.cpp-L1713)     Description:U3V, TriggerMode[0], ResultingFrameRate[24.11], ExposureTime[40000.00], ExposureAuto[0], PayloadSize[1555200]     Solution:
Info    2024-12-15 07:15:36  DevID:MV-CS016-10UC(DA0498834)  Source-Line:libMvCameraControl.so(CInterfaceManager.cpp-L6315)     Description:CamCtrl RecvThread Start, ThreadId[1050674752]     Solution:
Info    2024-12-15 07:15:36  DevID:MV-CS016-10UC(DA0498834)  Source-Line:libMvCameraControl.so(CInterfaceManager.cpp-L6083)     Description:CamCtrl Display Thread Start, ThreadId[1040188992]     Solution:
Info    2024-12-15 07:15:36  DevID:MV-CS016-10UC(DA0498834)  Source-Line:libMvCameraControl.so(CInterfaceManager.cpp-L1795)     Description:There is no registration callback     Solution:
Info    2024-12-15 07:15:36  DevID:MV-CS016-10UC(DA0498834)  Source-Line:libMvCameraControl.so(CInterfaceManager.cpp-L1800)     Description:[MV_CC_StartGrabbing] return[0x0]     Solution:
Info    2024-12-15 16:07:49  DevID:MV-CS016-10UC(DA0498834)  Source-Line:libMvCameraControl.so(CInterfaceManager.cpp-L0809)     Description:Current dynamic library path[/home/jqz/Desktop/OpenRM-2024_hik/demo/hik/hikSDK/lib/amd64/libMvCameraControl.so]     Solution:
Info    2024-12-15 16:07:49  DevID:MV-CS016-10UC(DA0498834)  Source-Line:libMvCameraControl.so(CInterfaceManager.cpp-L0812)     Description:CamCtl_Version: 3.2.1.0     Solution:
Info    2024-12-15 16:07:49  DevID:MV-CS016-10UC(DA0498834)  Source-Line:libMvCameraControl.so(CInterfaceManager.cpp-L0813)     Description:CamCtl_Description: BaseLine Build 20211203     Solution:
Info    2024-12-15 16:07:49  DevID:MV-CS016-10UC(DA0498834)  Source-Line:libMvCameraControl.so(CInterfaceManager.cpp-L0815)     Description:[MV_CC_CreateHandle] return[0x0]     Solution:
Info    2024-12-15 16:07:49  DevID:MV-CS016-10UC(DA0498834)  Source-Line:libMvCameraControl.so(CInterfaceManager.cpp-L6710)     Description:CamCtrl[0x3020100], U3V SDKVersion[0x3020100], DriverVersion[0x0]     Solution:
Info    2024-12-15 16:07:51  DevID:MV-CS016-10UC(DA0498834)  Source-Line:libMvCameraControl.so(CInterfaceManager.cpp-L4236)     Description:[MV_CC_InvalidateNodes] return[0x0]     Solution:
Info    2024-12-15 16:07:51  DevID:MV-CS016-10UC(DA0498834)  Source-Line:libMvCameraControl.so(CInterfaceManager.cpp-L1086)     Description:[MV_CC_OpenDevice] nPrivilegeMode[1], nSwitchoverKey[0], return[0x0]     Solution:
Error   2024-12-15 16:07:51  DevID:MV-CS016-10UC(DA0498834)  Source-Line:libMvCameraControl.so(XmlParse.cpp-L2712)     Description:SetNodeValue [Gain], [Value 60.000000 must be smaller than or equal 16.980700. : OutOfRangeException thrown in node 'Gain' while calling 'Gain.SetValue()' (file 'FloatT.h', line 85)]     Solution:
Info    2024-12-15 16:07:51  DevID:MV-CS016-10UC(DA0498834)  Source-Line:libMvCameraControl.so(CInterfaceManager.cpp-L1703)     Description:U3V, DeviceModelName[MV-CS016-10UC], DeviceFirmwareVersion[V2.1.2 220907884152 22083001], DeviceMaxThroughput[37500]     Solution:
Info    2024-12-15 16:07:51  DevID:MV-CS016-10UC(DA0498834)  Source-Line:libMvCameraControl.so(CInterfaceManager.cpp-L1708)     Description:U3V, Width[1440], Height[1080], OffsetX[0], OffsetY[0], PixelFormat[0x1080009], AcquisitionMode[2]     Solution:
Info    2024-12-15 16:07:51  DevID:MV-CS016-10UC(DA0498834)  Source-Line:libMvCameraControl.so(CInterfaceManager.cpp-L1713)     Description:U3V, TriggerMode[0], ResultingFrameRate[24.11], ExposureTime[40000.00], ExposureAuto[0], PayloadSize[1555200]     Solution:
Info    2024-12-15 16:07:51  DevID:MV-CS016-10UC(DA0498834)  Source-Line:libMvCameraControl.so(CInterfaceManager.cpp-L6315)     Description:CamCtrl RecvThread Start, ThreadId[1463813696]     Solution:
Info    2024-12-15 16:07:51  DevID:MV-CS016-10UC(DA0498834)  Source-Line:libMvCameraControl.so(CInterfaceManager.cpp-L6083)     Description:CamCtrl Display Thread Start, ThreadId[1453327936]     Solution:
Info    2024-12-15 16:07:51  DevID:MV-CS016-10UC(DA0498834)  Source-Line:libMvCameraControl.so(CInterfaceManager.cpp-L1795)     Description:There is no registration callback     Solution:
Info    2024-12-15 16:07:51  DevID:MV-CS016-10UC(DA0498834)  Source-Line:libMvCameraControl.so(CInterfaceManager.cpp-L1800)     Description:[MV_CC_StartGrabbing] return[0x0]     Solution:
